[debug] [2022-06-22T21:26:20.647Z] ----------------------------------------------------------------------
[debug] [2022-06-22T21:26:20.649Z] Command:       /usr/local/Cellar/node/17.4.0/bin/node /usr/local/bin/firebase init
[debug] [2022-06-22T21:26:20.650Z] CLI Version:   11.1.0
[debug] [2022-06-22T21:26:20.650Z] Platform:      darwin
[debug] [2022-06-22T21:26:20.650Z] Node Version:  v17.4.0
[debug] [2022-06-22T21:26:20.652Z] Time:          Wed Jun 22 2022 17:26:20 GMT-0400 (Chile Standard Time)
[debug] [2022-06-22T21:26:20.652Z] ----------------------------------------------------------------------
[debug] 
[debug] [2022-06-22T21:26:20.655Z] >>> [apiv2][query] GET https://firebase-public.firebaseio.com/cli.json [none]
[debug] [2022-06-22T21:26:20.686Z] > command requires scopes: ["email","openid","https://www.googleapis.com/auth/cloudplatformprojects.readonly","https://www.googleapis.com/auth/firebase","https://www.googleapis.com/auth/cloud-platform"]
[debug] [2022-06-22T21:26:20.686Z] > authorizing via signed-in user (quijadabnicolea@gmail.com)
[info] 
     ######## #### ########  ######## ########     ###     ######  ########
     ##        ##  ##     ## ##       ##     ##  ##   ##  ##       ##
     ######    ##  ########  ######   ########  #########  ######  ######
     ##        ##  ##    ##  ##       ##     ## ##     ##       ## ##
     ##       #### ##     ## ######## ########  ##     ##  ######  ########

You're about to initialize a Firebase project in this directory:

  /Users/nicole/Documents/code/supermarket

[debug] [2022-06-22T21:26:22.523Z] <<< [apiv2][status] GET https://firebase-public.firebaseio.com/cli.json 200
[debug] [2022-06-22T21:26:22.523Z] <<< [apiv2][body] GET https://firebase-public.firebaseio.com/cli.json {"cloudBuildErrorAfter":1594252800000,"cloudBuildWarnAfter":1590019200000,"defaultNode10After":1594252800000,"minVersion":"3.0.5","node8DeploysDisabledAfter":1613390400000,"node8RuntimeDisabledAfter":1615809600000,"node8WarnAfter":1600128000000}
